\BOOKMARK [0][]{CAPA.0}{CAPA}{}% 1
\BOOKMARK [0][]{VERSO.0}{VERSO}{}% 2
\BOOKMARK [0][]{FOLHA DE ROSTO.0}{FOLHA DE ROSTO}{}% 3
\BOOKMARK [0][]{nomefichac.0}{FICHA CATALOGR\301FICA}{}% 4
\BOOKMARK [0][]{nomeepigrafe.0}{EP\315GRAFE}{}% 5
\BOOKMARK [0][]{nomededicatoria.0}{DEDICAT\323RIA}{}% 6
\BOOKMARK [0][]{nomethank.0}{AGRADECIMENTOS}{}% 7
\BOOKMARK [0][]{nomeresumo.0}{RESUMO}{}% 8
\BOOKMARK [0][]{nomeabstract.0}{ABSTRACT}{}% 9
\BOOKMARK [0][]{contentsname.0}{SUM\301RIO}{}% 10
\BOOKMARK [0][]{section.0.1}{LISTA DE FIGURAS}{}% 11
\BOOKMARK [0][]{section.0.2}{LISTA DE TABELAS}{}% 12
\BOOKMARK [0][]{section.0.3}{LISTA DE S\315MBOLOS}{}% 13
\BOOKMARK [0][]{section.0.4}{LISTA DE ABREVIATURAS E SIGLAS}{}% 14
\BOOKMARK [0][]{chapter.1}{1 INTRODU\307\303O \(xx/xx/2017\)}{}% 15
\BOOKMARK [0][]{chapter.2}{2 CONTROLE MODERNO \(xx/xx/2017\)}{}% 16
\BOOKMARK [1][]{section.2.1}{2.1 Controle cl\341ssico e moderno}{chapter.2}% 17
\BOOKMARK [1][]{section.2.2}{2.2 Controle por modos deslizantes}{chapter.2}% 18
\BOOKMARK [2][]{subsection.2.2.1}{2.2.1 Sintonia do controlador por modos deslizantes}{section.2.2}% 19
\BOOKMARK [1][]{section.2.3}{2.3 Controle preditivo baseado em modelos}{chapter.2}% 20
\BOOKMARK [2][]{subsection.2.3.1}{2.3.1 Sintonia do controlador preditivo baseado em modelos}{section.2.3}% 21
\BOOKMARK [1][]{section.2.4}{2.4 Considera\347\365es}{chapter.2}% 22
\BOOKMARK [0][]{chapter.3}{3 SISTEMA, MODELO E OTIMIZA\307\303O \(xx/xx/2017\)}{}% 23
\BOOKMARK [1][]{section.3.1}{3.1 Sistema}{chapter.3}% 24
\BOOKMARK [1][]{section.3.2}{3.2 Modelo}{chapter.3}% 25
\BOOKMARK [2][]{subsection.3.2.1}{3.2.1 Constru\347\343o da modelagem do motor de corrente cont\355nua}{section.3.2}% 26
\BOOKMARK [1][]{section.3.3}{3.3 Processo de otimiza\347\343o}{chapter.3}% 27
\BOOKMARK [2][]{subsection.3.3.1}{3.3.1 Otimiza\347\343o aplicada ao controle do motor de corrente cont\355nua}{section.3.3}% 28
\BOOKMARK [1][]{section.3.4}{3.4 Considera\347\365es}{chapter.3}% 29
\BOOKMARK [0][]{chapter.4}{4 METODOLOGIA \(xx/xx/2017\)}{}% 30
\BOOKMARK [1][]{section.4.1}{4.1 Constru\347\343o e configura\347\343o do sistema}{chapter.4}% 31
\BOOKMARK [1][]{section.4.2}{4.2 Modelagem e simula\347\343o}{chapter.4}% 32
\BOOKMARK [1][]{section.4.3}{4.3 Aplica\347\343o do processo de otimiza\347\343o na sintonia dos controladores}{chapter.4}% 33
\BOOKMARK [1][]{section.4.4}{4.4 An\341lise de desempenho entre os controladores}{chapter.4}% 34
\BOOKMARK [1][]{section.4.5}{4.5 Considera\347\365es}{chapter.4}% 35
\BOOKMARK [0][]{chapter.5}{5 RESULTADOS \(xx/xx/2018\)}{}% 36
\BOOKMARK [1][]{section.5.1}{5.1 Constru\347\343o da bancada e do modelo}{chapter.5}% 37
\BOOKMARK [1][]{section.5.2}{5.2 Resultado de simula\347\343o}{chapter.5}% 38
\BOOKMARK [2][]{subsection.5.2.1}{5.2.1 Otimiza\347\343o aplicada na sintonia dos controladores}{section.5.2}% 39
\BOOKMARK [1][]{section.5.3}{5.3 Resultado de bancada}{chapter.5}% 40
\BOOKMARK [1][]{section.5.4}{5.4 Coment\341rios}{chapter.5}% 41
\BOOKMARK [0][]{chapter.6}{6 CONCLUS\303O \(xx/xx/2018\)}{}% 42
\BOOKMARK [1][]{section.6.1}{6.1 Contribui\347\365es do Trabalho}{chapter.6}% 43
\BOOKMARK [1][]{section.6.2}{6.2 Continua\347\343o do trabalho}{chapter.6}% 44
\BOOKMARK [1][]{section.6.3}{6.3 Sugest\365es para Trabalhos Futuros}{chapter.6}% 45
\BOOKMARK [0][]{anexo.a}{REFER\312NCIAS BIBLIOGR\301FICAS}{}% 46
\BOOKMARK [0][]{anexo.b}{GLOSS\301RIO}{}% 47
