This is pdfTeX, Version 3.1415926-2.5-1.40.14 (TeX Live 2013/Debian) (format=pdflatex 2017.8.24)  23 JAN 2018 17:11
entering extended mode
 restricted \write18 enabled.
 %&-line parsing enabled.
**Tese_Dissertacao_UFG.tex
(./Tese_Dissertacao_UFG.tex
LaTeX2e <2011/06/27>
Babel <3.9h> and hyphenation patterns for 78 languages loaded.
(./dissertacaoUFGpac.cls
Document Class: dissertacaoUFGpac 2016/07/24 v1.34
(/usr/share/texlive/texmf-dist/tex/generic/oberdiek/ifpdf.sty
Package: ifpdf 2011/01/30 v2.3 Provides the ifpdf switch (HO)
Package ifpdf Info: pdfTeX in PDF mode is detected.
)
===================tex4ht-false
(/usr/share/texlive/texmf-dist/tex/latex/base/report.cls
Document Class: report 2007/10/19 v1.4h Standard LaTeX document class
(/usr/share/texlive/texmf-dist/tex/latex/base/size12.clo
File: size12.clo 2007/10/19 v1.4h Standard LaTeX file (size option)
)
\c@part=\count79
\c@chapter=\count80
\c@section=\count81
\c@subsection=\count82
\c@subsubsection=\count83
\c@paragraph=\count84
\c@subparagraph=\count85
\c@figure=\count86
\c@table=\count87
\abovecaptionskip=\skip41
\belowcaptionskip=\skip42
\bibindent=\dimen102
) (./titlesec.sty
Package: titlesec 2007/08/12 v2.8 Sectioning titles
\ttl@box=\box26
\beforetitleunit=\skip43
\aftertitleunit=\skip44
\ttl@plus=\dimen103
\ttl@minus=\dimen104
\ttl@toksa=\toks14
\titlewidth=\dimen105
\titlewidthlast=\dimen106
\titlewidthfirst=\dimen107
)
(./titletoc.sty
Package: titletoc 2007/08/12 v1.6 TOC entries
\ttl@leftsep=\dimen108
) (./textcase.sty
Package: textcase 2004/10/07 v0.07 Text only upper/lower case changing (DPC)
)
(/usr/share/texlive/texmf-dist/tex/latex/base/ifthen.sty
Package: ifthen 2001/05/26 v1.1c Standard LaTeX ifthen package (DPC)
)
(/usr/share/texlive/texmf-dist/tex/latex/tools/calc.sty
Package: calc 2007/08/22 v4.3 Infix arithmetic (KKT,FJ)
\calc@Acount=\count88
\calc@Bcount=\count89
\calc@Adimen=\dimen109
\calc@Bdimen=\dimen110
\calc@Askip=\skip45
\calc@Bskip=\skip46
LaTeX Info: Redefining \setlength on input line 76.
LaTeX Info: Redefining \addtolength on input line 77.
\calc@Ccount=\count90
\calc@Cskip=\skip47
)
(/usr/share/texlive/texmf-dist/tex/latex/graphics/graphicx.sty
Package: graphicx 1999/02/16 v1.0f Enhanced LaTeX Graphics (DPC,SPQR)

(/usr/share/texlive/texmf-dist/tex/latex/graphics/keyval.sty
Package: keyval 1999/03/16 v1.13 key=value parser (DPC)
\KV@toks@=\toks15
)
(/usr/share/texlive/texmf-dist/tex/latex/graphics/graphics.sty
Package: graphics 2009/02/05 v1.0o Standard LaTeX Graphics (DPC,SPQR)

(/usr/share/texlive/texmf-dist/tex/latex/graphics/trig.sty
Package: trig 1999/03/16 v1.09 sin cos tan (DPC)
)
(/usr/share/texlive/texmf-dist/tex/latex/latexconfig/graphics.cfg
File: graphics.cfg 2010/04/23 v1.9 graphics configuration of TeX Live
)
Package graphics Info: Driver file: pdftex.def on input line 91.

(/usr/share/texlive/texmf-dist/tex/latex/pdftex-def/pdftex.def
File: pdftex.def 2011/05/27 v0.06d Graphics/color for pdfTeX

(/usr/share/texlive/texmf-dist/tex/generic/oberdiek/infwarerr.sty
Package: infwarerr 2010/04/08 v1.3 Providing info/warning/error messages (HO)
)
(/usr/share/texlive/texmf-dist/tex/generic/oberdiek/ltxcmds.sty
Package: ltxcmds 2011/11/09 v1.22 LaTeX kernel commands for general use (HO)
)
\Gread@gobject=\count91
))
\Gin@req@height=\dimen111
\Gin@req@width=\dimen112
)
(/usr/share/texlive/texmf-dist/tex/latex/graphics/color.sty
Package: color 2005/11/14 v1.0j Standard LaTeX Color (DPC)

(/usr/share/texlive/texmf-dist/tex/latex/latexconfig/color.cfg
File: color.cfg 2007/01/18 v1.5 color configuration of teTeX/TeXLive
)
Package color Info: Driver file: pdftex.def on input line 130.
)
(/usr/share/texlive/texmf-dist/tex/latex/base/inputenc.sty
Package: inputenc 2008/03/30 v1.1d Input encoding file
\inpenc@prehook=\toks16
\inpenc@posthook=\toks17

(/usr/share/texlive/texmf-dist/tex/latex/base/latin1.def
File: latin1.def 2008/03/30 v1.1d Input encoding file
))
(/usr/share/texlive/texmf-dist/tex/latex/float/float.sty
Package: float 2001/11/08 v1.3d Float enhancements (AL)
\c@float@type=\count92
\float@exts=\toks18
\float@box=\box27
\@float@everytoks=\toks19
\@floatcapt=\box28
)
(/usr/share/texlive/texmf-dist/tex/generic/babel/babel.sty
Package: babel 2013/12/03 3.9h The Babel package

(/usr/share/texlive/texmf-dist/tex/generic/babel-portuges/portuges.ldf
Language: portuges 2008/03/18 v1.2q Portuguese support from the babel system

(/usr/share/texlive/texmf-dist/tex/generic/babel/babel.def
File: babel.def 2013/12/03 3.9h Babel common definitions
\babel@savecnt=\count93
\U@D=\dimen113
)
\l@brazilian = a dialect from \language\l@portuges 
Package babel Info: Making " an active character on input line 145.
)) (./hyphenat.sty
Package: hyphenat 2009/09/02 v2.3c hyphenation utilities
\langwohyphens=\language79
LaTeX Info: Redefining \_ on input line 43.
)
(/usr/share/texlive/texmf-dist/tex/latex/tools/array.sty
Package: array 2008/09/09 v2.4c Tabular extension package (FMi)
\col@sep=\dimen114
\extrarowheight=\dimen115
\NC@list=\toks20
\extratabsurround=\skip48
\backup@length=\skip49
) (./setspace.sty
Package: setspace 2000/12/01 6.7 Contributed and Supported LaTeX2e package

Package: `setspace' 6.7 <2000/12/01>
) (./bigdelim.sty) (./multirow.sty
\bigstrutjot=\dimen116
) (./supertabular.sty
Package: supertabular 2004/02/20 v4.1e the supertabular environment
\c@tracingst=\count94
\ST@wd=\dimen117
\ST@rightskip=\skip50
\ST@leftskip=\skip51
\ST@parfillskip=\skip52
\ST@pageleft=\dimen118
\ST@headht=\dimen119
\ST@tailht=\dimen120
\ST@pagesofar=\dimen121
\ST@pboxht=\dimen122
\ST@lineht=\dimen123
\ST@stretchht=\dimen124
\ST@prevht=\dimen125
\ST@toadd=\dimen126
\ST@dimen=\dimen127
\ST@pbox=\box29
)
(/usr/share/texlive/texmf-dist/tex/latex/tools/tabularx.sty
Package: tabularx 1999/01/07 v2.07 `tabularx' package (DPC)
\TX@col@width=\dimen128
\TX@old@table=\dimen129
\TX@old@col=\dimen130
\TX@target=\dimen131
\TX@delta=\dimen132
\TX@cols=\count95
\TX@ftn=\toks21
)
(/usr/share/texlive/texmf-dist/tex/latex/tools/longtable.sty
Package: longtable 2004/02/01 v4.11 Multi-page Table package (DPC)
\LTleft=\skip53
\LTright=\skip54
\LTpre=\skip55
\LTpost=\skip56
\LTchunksize=\count96
\LTcapwidth=\dimen133
\LT@head=\box30
\LT@firsthead=\box31
\LT@foot=\box32
\LT@lastfoot=\box33
\LT@cols=\count97
\LT@rows=\count98
\c@LT@tables=\count99
\c@LT@chunks=\count100
\LT@p@ftn=\toks22
) (./lastpage.sty
Package: lastpage 2011/02/01 v1.2g Refers to last page's name (HMM; JPG)
)
(/usr/share/texlive/texmf-dist/tex/latex/graphics/lscape.sty
Package: lscape 2000/10/22 v3.01 Landscape Pages (DPC)
)
(/usr/share/texlive/texmf-dist/tex/generic/dvips/rotate.sty
\@rotdimen=\dimen134
\@rotbox=\box34
) (./caption2.sty
Package: caption2 2008/07/01 v2.2c Customising captions (AS)


Package caption2 Warning: ****************************************************
(caption2)                THIS PACKAGE IS OBSOLETE:
(caption2)                This package attempts to provide an `caption2'
(caption2)                package v2.0/2.1 author environment so that OLD
(caption2)                documents can be successfully processed. It should
(caption2)                NOT be used for NEW documents! New documents should
(caption2)                use the regular `caption' package v3.x instead.
(caption2)                ****************************************************

(./caption3.sty
Package: caption3 2010/01/14 v3.1m caption3 kernel (AR)
\captionmargin=\dimen135
\captionmargin@=\dimen136
\captionwidth=\dimen137
\caption@indent=\dimen138
\caption@parindent=\dimen139
\caption@hangindent=\dimen140
)
Package caption2 Info: Running in caption2 v2.0 compatibility mode on input lin
e 209.
\captionlinewidth=\dimen141
\realcaptionwidth=\dimen142
Package caption2 Info: float package v1.2 (or newer) detected on input line 318
.
Package caption2 Info: longtable package v3.15 (or newer) detected on input lin
e 340.
) (/usr/share/texlive/texmf-dist/tex/latex/amsmath/amsmath.sty
Package: amsmath 2013/01/14 v2.14 AMS math features
\@mathmargin=\skip57

For additional information on amsmath, use the `?' option.
(/usr/share/texlive/texmf-dist/tex/latex/amsmath/amstext.sty
Package: amstext 2000/06/29 v2.01

(/usr/share/texlive/texmf-dist/tex/latex/amsmath/amsgen.sty
File: amsgen.sty 1999/11/30 v2.0
\@emptytoks=\toks23
\ex@=\dimen143
))
(/usr/share/texlive/texmf-dist/tex/latex/amsmath/amsbsy.sty
Package: amsbsy 1999/11/29 v1.2d
\pmbraise@=\dimen144
)
(/usr/share/texlive/texmf-dist/tex/latex/amsmath/amsopn.sty
Package: amsopn 1999/12/14 v2.01 operator names
)
\inf@bad=\count101
LaTeX Info: Redefining \frac on input line 210.
\uproot@=\count102
\leftroot@=\count103
LaTeX Info: Redefining \overline on input line 306.
\classnum@=\count104
\DOTSCASE@=\count105
LaTeX Info: Redefining \ldots on input line 378.
LaTeX Info: Redefining \dots on input line 381.
LaTeX Info: Redefining \cdots on input line 466.
\Mathstrutbox@=\box35
\strutbox@=\box36
\big@size=\dimen145
LaTeX Font Info:    Redeclaring font encoding OML on input line 566.
LaTeX Font Info:    Redeclaring font encoding OMS on input line 567.
\macc@depth=\count106
\c@MaxMatrixCols=\count107
\dotsspace@=\muskip10
\c@parentequation=\count108
\dspbrk@lvl=\count109
\tag@help=\toks24
\row@=\count110
\column@=\count111
\maxfields@=\count112
\andhelp@=\toks25
\eqnshift@=\dimen146
\alignsep@=\dimen147
\tagshift@=\dimen148
\tagwidth@=\dimen149
\totwidth@=\dimen150
\lineht@=\dimen151
\@envbody=\toks26
\multlinegap=\skip58
\multlinetaggap=\skip59
\mathdisplay@stack=\toks27
LaTeX Info: Redefining \[ on input line 2665.
LaTeX Info: Redefining \] on input line 2666.
)
(/usr/share/texlive/texmf-dist/tex/latex/amsfonts/amssymb.sty
Package: amssymb 2013/01/14 v3.01 AMS font symbols

(/usr/share/texlive/texmf-dist/tex/latex/amsfonts/amsfonts.sty
Package: amsfonts 2013/01/14 v3.01 Basic AMSFonts support
\symAMSa=\mathgroup4
\symAMSb=\mathgroup5
LaTeX Font Info:    Overwriting math alphabet `\mathfrak' in version `bold'
(Font)                  U/euf/m/n --> U/euf/b/n on input line 106.
))
(/usr/share/texlive/texmf-dist/tex/latex/amscls/amsthm.sty
Package: amsthm 2004/08/06 v2.20
\thm@style=\toks28
\thm@bodyfont=\toks29
\thm@headfont=\toks30
\thm@notefont=\toks31
\thm@headpunct=\toks32
\thm@preskip=\skip60
\thm@postskip=\skip61
\thm@headsep=\skip62
\dth@everypar=\toks33
) (./subfigure.sty
Package: subfigure 2002/03/15 v2.1.5 subfigure package
\subfigtopskip=\skip63
\subfigcapskip=\skip64
\subfigcaptopadj=\dimen152
\subfigbottomskip=\skip65
\subfigcapmargin=\dimen153
\subfiglabelskip=\skip66
\c@subfigure=\count113
\c@lofdepth=\count114
\c@subtable=\count115
\c@lotdepth=\count116

****************************************
* Local config file subfigure.cfg used *
****************************************
(/usr/share/texlive/texmf-dist/tex/latex/subfigure/subfigure.cfg)
\subfig@top=\skip67
\subfig@bottom=\skip68
)
(./tocloft.sty
Package: tocloft 2010/10/13 v2.3e parameterised ToC, etc., typesetting
Package tocloft Info: The document has chapter divisions on input line 43.
\cftparskip=\skip69
\cftbeforetoctitleskip=\skip70
\cftaftertoctitleskip=\skip71
\cftbeforepartskip=\skip72
\cftpartnumwidth=\skip73
\cftpartindent=\skip74
\cftbeforechapskip=\skip75
\cftchapindent=\skip76
\cftchapnumwidth=\skip77
\cftbeforesecskip=\skip78
\cftsecindent=\skip79
\cftsecnumwidth=\skip80
\cftbeforesubsecskip=\skip81
\cftsubsecindent=\skip82
\cftsubsecnumwidth=\skip83
\cftbeforesubsubsecskip=\skip84
\cftsubsubsecindent=\skip85
\cftsubsubsecnumwidth=\skip86
\cftbeforeparaskip=\skip87
\cftparaindent=\skip88
\cftparanumwidth=\skip89
\cftbeforesubparaskip=\skip90
\cftsubparaindent=\skip91
\cftsubparanumwidth=\skip92
\cftbeforeloftitleskip=\skip93
\cftafterloftitleskip=\skip94
\cftbeforefigskip=\skip95
\cftfigindent=\skip96
\cftfignumwidth=\skip97
\cftbeforelottitleskip=\skip98
\cftafterlottitleskip=\skip99
\cftbeforetabskip=\skip100
\cfttabindent=\skip101
\cfttabnumwidth=\skip102
\cftbeforesubfigskip=\skip103
\cftsubfigindent=\skip104
\cftsubfignumwidth=\skip105
\cftbeforesubtabskip=\skip106
\cftsubtabindent=\skip107
\cftsubtabnumwidth=\skip108
) (/usr/share/texlive/texmf-dist/tex/latex/base/makeidx.sty
Package: makeidx 2000/03/29 v1.0m Standard LaTeX package
)
(./eso-pic.sty
Package: eso-pic 2006/07/14 v1.1d eso-pic (RN)
 (./everyshi.sty
Package: everyshi 2001/05/15 v3.00 EveryShipout Package (MS)
)) (./calligra.sty
Package: calligra 1996/07/18 v1.8 LaTeX package calligra
)
(/usr/share/texlive/texmf-dist/tex/latex/hyperref/hyperref.sty
Package: hyperref 2012/11/06 v6.83m Hypertext links for LaTeX

(/usr/share/texlive/texmf-dist/tex/generic/oberdiek/hobsub-hyperref.sty
Package: hobsub-hyperref 2012/05/28 v1.13 Bundle oberdiek, subset hyperref (HO)


(/usr/share/texlive/texmf-dist/tex/generic/oberdiek/hobsub-generic.sty
Package: hobsub-generic 2012/05/28 v1.13 Bundle oberdiek, subset generic (HO)
Package: hobsub 2012/05/28 v1.13 Construct package bundles (HO)
Package hobsub Info: Skipping package `infwarerr' (already loaded).
Package hobsub Info: Skipping package `ltxcmds' (already loaded).
Package: ifluatex 2010/03/01 v1.3 Provides the ifluatex switch (HO)
Package ifluatex Info: LuaTeX not detected.
Package: ifvtex 2010/03/01 v1.5 Detect VTeX and its facilities (HO)
Package ifvtex Info: VTeX not detected.
Package: intcalc 2007/09/27 v1.1 Expandable calculations with integers (HO)
Package hobsub Info: Skipping package `ifpdf' (already loaded).
Package: etexcmds 2011/02/16 v1.5 Avoid name clashes with e-TeX commands (HO)
Package etexcmds Info: Could not find \expanded.
(etexcmds)             That can mean that you are not using pdfTeX 1.50 or
(etexcmds)             that some package has redefined \expanded.
(etexcmds)             In the latter case, load this package earlier.
Package: kvsetkeys 2012/04/25 v1.16 Key value parser (HO)
Package: kvdefinekeys 2011/04/07 v1.3 Define keys (HO)
Package: pdftexcmds 2011/11/29 v0.20 Utility functions of pdfTeX for LuaTeX (HO
)
Package pdftexcmds Info: LuaTeX not detected.
Package pdftexcmds Info: \pdf@primitive is available.
Package pdftexcmds Info: \pdf@ifprimitive is available.
Package pdftexcmds Info: \pdfdraftmode found.
Package: pdfescape 2011/11/25 v1.13 Implements pdfTeX's escape features (HO)
Package: bigintcalc 2012/04/08 v1.3 Expandable calculations on big integers (HO
)
Package: bitset 2011/01/30 v1.1 Handle bit-vector datatype (HO)
Package: uniquecounter 2011/01/30 v1.2 Provide unlimited unique counter (HO)
)
Package hobsub Info: Skipping package `hobsub' (already loaded).
Package: letltxmacro 2010/09/02 v1.4 Let assignment for LaTeX macros (HO)
Package: hopatch 2012/05/28 v1.2 Wrapper for package hooks (HO)
Package: xcolor-patch 2011/01/30 xcolor patch
Package: atveryend 2011/06/30 v1.8 Hooks at the very end of document (HO)
Package atveryend Info: \enddocument detected (standard20110627).
Package: atbegshi 2011/10/05 v1.16 At begin shipout hook (HO)
Package: refcount 2011/10/16 v3.4 Data extraction from label references (HO)
Package: hycolor 2011/01/30 v1.7 Color options for hyperref/bookmark (HO)
)
(/usr/share/texlive/texmf-dist/tex/generic/ifxetex/ifxetex.sty
Package: ifxetex 2010/09/12 v0.6 Provides ifxetex conditional
)
(/usr/share/texlive/texmf-dist/tex/latex/oberdiek/auxhook.sty
Package: auxhook 2011/03/04 v1.3 Hooks for auxiliary files (HO)
)
(/usr/share/texlive/texmf-dist/tex/latex/oberdiek/kvoptions.sty
Package: kvoptions 2011/06/30 v3.11 Key value format for package options (HO)
)
\@linkdim=\dimen154
\Hy@linkcounter=\count117
\Hy@pagecounter=\count118

(/usr/share/texlive/texmf-dist/tex/latex/hyperref/pd1enc.def
File: pd1enc.def 2012/11/06 v6.83m Hyperref: PDFDocEncoding definition (HO)
)
\Hy@SavedSpaceFactor=\count119

(/usr/share/texlive/texmf-dist/tex/latex/latexconfig/hyperref.cfg
File: hyperref.cfg 2002/06/06 v1.2 hyperref configuration of TeXLive
)
Package hyperref Info: Option `debug' set `true' on input line 4319.
Package hyperref Info: Option `breaklinks' set `true' on input line 4319.
Package hyperref Info: Option `bookmarksopen' set `true' on input line 4319.
Package hyperref Info: Option `colorlinks' set `true' on input line 4319.
Package hyperref Info: Option `bookmarksnumbered' set `true' on input line 4319
.
Package hyperref Info: Option `hyperindex' set `true' on input line 4319.
Package hyperref Info: Option `verbose' set `true' on input line 4319.
Package hyperref Info: Hyper figures OFF on input line 4443.
Package hyperref Info: Link nesting OFF on input line 4448.
Package hyperref Info: Hyper index ON on input line 4451.
Package hyperref Info: Plain pages OFF on input line 4458.
Package hyperref Info: Backreferencing ON on input line 4461.
Package hyperref Info: Implicit mode ON; LaTeX internals redefined.
Package hyperref Info: Bookmarks ON on input line 4688.

(/usr/share/texlive/texmf-dist/tex/latex/hyperref/backref.sty
Package: backref 2012/07/25 v1.38 Bibliographical back referencing

(/usr/share/texlive/texmf-dist/tex/latex/oberdiek/rerunfilecheck.sty
Package: rerunfilecheck 2011/04/15 v1.7 Rerun checks for auxiliary files (HO)
Package uniquecounter Info: New unique counter `rerunfilecheck' on input line 2
82.
))
\c@Hy@tempcnt=\count120

(/usr/share/texlive/texmf-dist/tex/latex/url/url.sty
\Urlmuskip=\muskip11
Package: url 2013/09/16  ver 3.4  Verb mode for urls, etc.
)
LaTeX Info: Redefining \url on input line 5041.
\XeTeXLinkMargin=\dimen155
\Fld@menulength=\count121
\Field@Width=\dimen156
\Fld@charsize=\dimen157
Package hyperref Info: Hyper figures OFF on input line 6295.
Package hyperref Info: Link nesting OFF on input line 6300.
Package hyperref Info: Hyper index ON on input line 6303.
Package hyperref Info: backreferencing ON on input line 6308.
Package hyperref Info: Link coloring ON on input line 6313.
Package hyperref Info: Link coloring with OCG OFF on input line 6320.
Package hyperref Info: PDF/A mode OFF on input line 6325.
LaTeX Info: Redefining \ref on input line 6365.
LaTeX Info: Redefining \pageref on input line 6369.
\Hy@abspage=\count122
\c@Item=\count123
\c@Hfootnote=\count124
)

Package hyperref Message: Driver (autodetected): hpdftex.

(/usr/share/texlive/texmf-dist/tex/latex/hyperref/hpdftex.def
File: hpdftex.def 2012/11/06 v6.83m Hyperref driver for pdfTeX
\Fld@listcount=\count125
\c@bookmark@seq@number=\count126
\Hy@SectionHShift=\skip109
)
(/usr/share/texlive/texmf-dist/tex/latex/ae/ae.sty
Package: ae 2001/02/12 1.3 Almost European Computer Modern

(/usr/share/texlive/texmf-dist/tex/latex/base/fontenc.sty
Package: fontenc 2005/09/27 v1.99g Standard LaTeX package

(/usr/share/texlive/texmf-dist/tex/latex/base/t1enc.def
File: t1enc.def 2005/09/27 v1.99g Standard LaTeX file
LaTeX Font Info:    Redeclaring font encoding T1 on input line 43.
)
LaTeX Font Info:    Try loading font information for T1+aer on input line 100.

(/usr/share/texlive/texmf-dist/tex/latex/ae/t1aer.fd
File: t1aer.fd 1997/11/16 Font definitions for T1/aer.
)))
(/usr/share/texmf/tex/latex/lm/lmodern.sty
Package: lmodern 2009/10/30 v1.6 Latin Modern Fonts
LaTeX Font Info:    Overwriting symbol font `operators' in version `normal'
(Font)                  OT1/cmr/m/n --> OT1/lmr/m/n on input line 22.
LaTeX Font Info:    Overwriting symbol font `letters' in version `normal'
(Font)                  OML/cmm/m/it --> OML/lmm/m/it on input line 23.
LaTeX Font Info:    Overwriting symbol font `symbols' in version `normal'
(Font)                  OMS/cmsy/m/n --> OMS/lmsy/m/n on input line 24.
LaTeX Font Info:    Overwriting symbol font `largesymbols' in version `normal'
(Font)                  OMX/cmex/m/n --> OMX/lmex/m/n on input line 25.
LaTeX Font Info:    Overwriting symbol font `operators' in version `bold'
(Font)                  OT1/cmr/bx/n --> OT1/lmr/bx/n on input line 26.
LaTeX Font Info:    Overwriting symbol font `letters' in version `bold'
(Font)                  OML/cmm/b/it --> OML/lmm/b/it on input line 27.
LaTeX Font Info:    Overwriting symbol font `symbols' in version `bold'
(Font)                  OMS/cmsy/b/n --> OMS/lmsy/b/n on input line 28.
LaTeX Font Info:    Overwriting symbol font `largesymbols' in version `bold'
(Font)                  OMX/cmex/m/n --> OMX/lmex/m/n on input line 29.
LaTeX Font Info:    Overwriting math alphabet `\mathbf' in version `normal'
(Font)                  OT1/cmr/bx/n --> OT1/lmr/bx/n on input line 31.
LaTeX Font Info:    Overwriting math alphabet `\mathsf' in version `normal'
(Font)                  OT1/cmss/m/n --> OT1/lmss/m/n on input line 32.
LaTeX Font Info:    Overwriting math alphabet `\mathit' in version `normal'
(Font)                  OT1/cmr/m/it --> OT1/lmr/m/it on input line 33.
LaTeX Font Info:    Overwriting math alphabet `\mathtt' in version `normal'
(Font)                  OT1/cmtt/m/n --> OT1/lmtt/m/n on input line 34.
LaTeX Font Info:    Overwriting math alphabet `\mathbf' in version `bold'
(Font)                  OT1/cmr/bx/n --> OT1/lmr/bx/n on input line 35.
LaTeX Font Info:    Overwriting math alphabet `\mathsf' in version `bold'
(Font)                  OT1/cmss/bx/n --> OT1/lmss/bx/n on input line 36.
LaTeX Font Info:    Overwriting math alphabet `\mathit' in version `bold'
(Font)                  OT1/cmr/bx/it --> OT1/lmr/bx/it on input line 37.
LaTeX Font Info:    Overwriting math alphabet `\mathtt' in version `bold'
(Font)                  OT1/cmtt/m/n --> OT1/lmtt/m/n on input line 38.
)
-------------->Opcao: PublicacaoDissOuTese
-------------->Opcao: PublicacaoLivro
(./abntcite.sty (./abntex-abrev.sty (./nbr10522-1988.def)
(./abntex-abrev-pt_BR.def)) (./nbr10520-2002.def)
\minimumbiblabelwidth=\skip110
\ABCIauxlen=\skip111
\c@ABCIaux=\count127
\c@ABCImax=\count128

(/usr/share/texlive/texmf-dist/tex/latex/relsize/relsize.sty
Package: relsize 2013/03/29 ver 4.1
)
\biblabelsep=\skip112
LaTeX Info: Redefining \newblock on input line 569.
LaTeX Info: Redefining \cite on input line 596.
\ABCItoken=\toks34
)
(/usr/share/texlive/texmf-dist/tex/latex/geometry/geometry.sty
Package: geometry 2010/09/12 v5.6 Page Geometry
\Gm@cnth=\count129
\Gm@cntv=\count130
\c@Gm@tempcnt=\count131
\Gm@bindingoffset=\dimen158
\Gm@wd@mp=\dimen159
\Gm@odd@mp=\dimen160
\Gm@even@mp=\dimen161
\Gm@layoutwidth=\dimen162
\Gm@layoutheight=\dimen163
\Gm@layouthoffset=\dimen164
\Gm@layoutvoffset=\dimen165
\Gm@dimlist=\toks35
)
\linha=\skip113
\baselsdefault=\skip114
\parsdefault=\skip115
\baselsinpe=\skip116
\parsinpe=\skip117
\seistoques=\skip118
\lrotulo=\skip119
\sepitem=\skip120
\tempbox=\skip121
\tempboxA=\skip122
\tempboxB=\skip123
\tempboxC=\skip124
\tempboxD=\skip125
\tempboxCalc=\skip126
\chaplen=\skip127
\partlen=\skip128
LaTeX Font Info:    Try loading font information for T1+lmr on input line 1126.


(/usr/share/texmf/tex/latex/lm/t1lmr.fd
File: t1lmr.fd 2009/10/30 v1.6 Font defs for Latin Modern
))

! LaTeX Error: Option clash for package inputenc.

See the LaTeX manual or LaTeX Companion for explanation.
Type  H <return>  for immediate help.
 ...                                              
                                                  
l.5 
    
The package inputenc has already been loaded with options:
  [latin1]
There has now been an attempt to load it with options
  [utf8]
Adding the global options:
  latin1,utf8
to your \documentclass declaration may fix this.
Try typing  <return>  to proceed.

(./configuracaoUFG.tex)
\@indexfile=\write3
\openout3 = `Tese_Dissertacao_UFG.idx'.


Writing index file Tese_Dissertacao_UFG.idx
(./Tese_Dissertacao_UFG.aux (./docs/epigrafe.aux) (./docs/dedicatoria.aux)
(./docs/agradecimentos.aux) (./docs/resumo.aux) (./docs/abstract.aux)
(./docs/simbolos.aux) (./docs/abreviaturasesiglas.aux) (./docs/INTROT.aux)
(./docs/CAP2T.aux) (./docs/CAP3T.aux) (./docs/CAP4T.aux) (./docs/CAP5T.aux)
(./docs/CAP6T.aux) (./docs/glossario.aux))
\openout1 = `Tese_Dissertacao_UFG.aux'.

LaTeX Font Info:    Checking defaults for OML/cmm/m/it on input line 15.
LaTeX Font Info:    ... okay on input line 15.
LaTeX Font Info:    Checking defaults for T1/cmr/m/n on input line 15.
LaTeX Font Info:    ... okay on input line 15.
LaTeX Font Info:    Checking defaults for OT1/cmr/m/n on input line 15.
LaTeX Font Info:    ... okay on input line 15.
LaTeX Font Info:    Checking defaults for OMS/cmsy/m/n on input line 15.
LaTeX Font Info:    ... okay on input line 15.
LaTeX Font Info:    Checking defaults for OMX/cmex/m/n on input line 15.
LaTeX Font Info:    ... okay on input line 15.
LaTeX Font Info:    Checking defaults for U/cmr/m/n on input line 15.
LaTeX Font Info:    ... okay on input line 15.
LaTeX Font Info:    Checking defaults for PD1/pdf/m/n on input line 15.
LaTeX Font Info:    ... okay on input line 15.

(/usr/share/texlive/texmf-dist/tex/context/base/supp-pdf.mkii
[Loading MPS to PDF converter (version 2006.09.02).]
\scratchcounter=\count132
\scratchdimen=\dimen166
\scratchbox=\box37
\nofMPsegments=\count133
\nofMParguments=\count134
\everyMPshowfont=\toks36
\MPscratchCnt=\count135
\MPscratchDim=\dimen167
\MPnumerator=\count136
\makeMPintoPDFobject=\count137
\everyMPtoPDFconversion=\toks37
) (/usr/share/texlive/texmf-dist/tex/latex/oberdiek/epstopdf-base.sty
Package: epstopdf-base 2010/02/09 v2.5 Base part for package epstopdf

(/usr/share/texlive/texmf-dist/tex/latex/oberdiek/grfext.sty
Package: grfext 2010/08/19 v1.1 Manage graphics extensions (HO)
)
Package grfext Info: Graphics extension search list:
(grfext)             [.png,.pdf,.jpg,.mps,.jpeg,.jbig2,.jb2,.PNG,.PDF,.JPG,.JPE
G,.JBIG2,.JB2,.eps]
(grfext)             \AppendGraphicsExtensions on input line 452.

(/usr/share/texlive/texmf-dist/tex/latex/latexconfig/epstopdf-sys.cfg
File: epstopdf-sys.cfg 2010/07/13 v1.3 Configuration of (r)epstopdf for TeX Liv
e
))
Package lastpage Info: Please have a look at the pagesLTS package at
(lastpage)             http://www.ctan.org/tex-archive/ 
(lastpage)             macros/latex/contrib/pagesLTS/ 
(lastpage)             or
(lastpage)             http://www.ctan.org/tex-archive/ 
(lastpage)             install/macros/latex/contrib/pagesLTS.tds.zip
(lastpage)             ! on input line 15.
Package caption Info: Begin \AtBeginDocument code.
Package caption Info: End \AtBeginDocument code.

ABD: EveryShipout initializing macros
\AtBeginShipoutBox=\box38
Package hyperref Info: Link coloring ON on input line 15.

(/usr/share/texlive/texmf-dist/tex/latex/hyperref/nameref.sty
Package: nameref 2012/10/27 v2.43 Cross-referencing by name of section

(/usr/share/texlive/texmf-dist/tex/generic/oberdiek/gettitlestring.sty
Package: gettitlestring 2010/12/03 v1.4 Cleanup title references (HO)
)
\c@section@level=\count138
)
LaTeX Info: Redefining \ref on input line 15.
LaTeX Info: Redefining \pageref on input line 15.
LaTeX Info: Redefining \nameref on input line 15.

(./Tese_Dissertacao_UFG.out) (./Tese_Dissertacao_UFG.out)
\@outlinefile=\write4
\openout4 = `Tese_Dissertacao_UFG.out'.

Package hyperref Info: Anchor `Doc-Start' on input line 15.

*geometry* driver: auto-detecting
*geometry* detected driver: pdftex
*geometry* verbose mode - [ preamble ] result:
* driver: pdftex
* paper: a4paper
* layout: <same size as paper>
* layoutoffset:(h,v)=(0.0pt,0.0pt)
* modes: twoside 
* h-part:(L,W,R)=(85.35826pt, 426.79135pt, 85.35826pt)
* v-part:(T,H,B)=(85.35826pt, 674.33032pt, 85.35826pt)
* \paperwidth=597.50787pt
* \paperheight=845.04684pt
* \textwidth=426.79135pt
* \textheight=674.33032pt
* \oddsidemargin=13.08827pt
* \evensidemargin=13.08827pt
* \topmargin=-23.91173pt
* \headheight=12.0pt
* \headsep=25.0pt
* \topskip=12.0pt
* \footskip=30.0pt
* \marginparwidth=85.0pt
* \marginparsep=10.0pt
* \columnsep=10.0pt
* \skip\footins=10.8pt plus 4.0pt minus 2.0pt
* \hoffset=0.0pt
* \voffset=0.0pt
* \mag=1000
* \@twocolumnfalse
* \@twosidetrue
* \@mparswitchtrue
* \@reversemarginfalse
* (1in=72.27pt=25.4mm, 1cm=28.453pt)

Package babel Info: Redefining portuges shorthand "|
(babel)             in language  on input line 17.
Package babel Info: Redefining portuges shorthand "|
(babel)             in language  on input line 17.
Package babel Info: Redefining portuges shorthand "|
(babel)             in language  on input line 17.

Package hyperref Warning: Token not allowed in a PDF string (PDFDocEncoding):
(hyperref)                removing `\\' on input line 17.


Package hyperref Warning: Token not allowed in a PDF string (PDFDocEncoding):
(hyperref)                removing `\\' on input line 17.


Package hyperref Warning: Token not allowed in a PDF string (PDFDocEncoding):
(hyperref)                removing `\\' on input line 17.


Package hyperref Warning: Token not allowed in a PDF string (PDFDocEncoding):
(hyperref)                removing `\\' on input line 17.


Package hyperref Warning: Token not allowed in a PDF string (PDFDocEncoding):
(hyperref)                removing `\\' on input line 17.


Package hyperref Warning: Token not allowed in a PDF string (PDFDocEncoding):
(hyperref)                removing `\\' on input line 17.

Package babel Info: Redefining portuges shorthand "|
(babel)             in language  on input line 17.
Package babel Info: Redefining portuges shorthand "|
(babel)             in language  on input line 17.
Package hyperref Info: Anchor `CAPA.0' on input line 17.
Package babel Info: Redefining portuges shorthand "|
(babel)             in language  on input line 17.
Package babel Info: Redefining portuges shorthand "|
(babel)             in language  on input line 17.
Package hyperref Info: Anchor `page.1' on input line 17.
[1

{/var/lib/texmf/fonts/map/pdftex/updmap/pdftex.map}]
Package babel Info: Redefining portuges shorthand "|
(babel)             in language  on input line 17.
Package hyperref Info: Anchor `VERSO.0' on input line 17.
Package babel Info: Redefining portuges shorthand "|
(babel)             in language  on input line 17.
Package babel Info: Redefining portuges shorthand "|
(babel)             in language  on input line 17.
Package hyperref Info: Anchor `page.2' on input line 17.
 [2]
Package babel Info: Redefining portuges shorthand "|
(babel)             in language  on input line 17.
Package hyperref Info: Anchor `FOLHA DE ROSTO.0' on input line 17.
Package babel Info: Redefining portuges shorthand "|
(babel)             in language  on input line 17.
Package babel Info: Redefining portuges shorthand "|
(babel)             in language  on input line 17.
Package hyperref Info: Anchor `page.1' on input line 17.
pdfTeX warning (ext4): destination with the same identifier (name{page.1}) has 
been already used, duplicate ignored
<to be read again> 
                   \relax 
l.17 \maketitle
                [1]
\cutter@width=\skip129
\oitava@coluna=\skip130
\decimaterceira@coluna=\skip131
\oitava@colunaminuscutter=\skip132
\widthminusoitava@coluna=\skip133
\card@width=\skip134
\sexta@coluna=\skip135
\quarta@coluna=\skip136
Package babel Info: Redefining portuges shorthand "|
(babel)             in language  on input line 17.
Package hyperref Info: Anchor `nomefichac.0' on input line 17.
LaTeX Font Info:    Try loading font information for OT1+lmr on input line 17.
 (/usr/share/texmf/tex/latex/lm/ot1lmr.fd
File: ot1lmr.fd 2009/10/30 v1.6 Font defs for Latin Modern
)
LaTeX Font Info:    Try loading font information for OML+lmm on input line 17.

(/usr/share/texmf/tex/latex/lm/omllmm.fd
File: omllmm.fd 2009/10/30 v1.6 Font defs for Latin Modern
)
LaTeX Font Info:    Try loading font information for OMS+lmsy on input line 17.


(/usr/share/texmf/tex/latex/lm/omslmsy.fd
File: omslmsy.fd 2009/10/30 v1.6 Font defs for Latin Modern
)
LaTeX Font Info:    Try loading font information for OMX+lmex on input line 17.


(/usr/share/texmf/tex/latex/lm/omxlmex.fd
File: omxlmex.fd 2009/10/30 v1.6 Font defs for Latin Modern
)
LaTeX Font Info:    External font `lmex10' loaded for size
(Font)              <12> on input line 17.
LaTeX Font Info:    External font `lmex10' loaded for size
(Font)              <8> on input line 17.
LaTeX Font Info:    External font `lmex10' loaded for size
(Font)              <6> on input line 17.
LaTeX Font Info:    Try loading font information for U+msa on input line 17.

(/usr/share/texlive/texmf-dist/tex/latex/amsfonts/umsa.fd
File: umsa.fd 2013/01/14 v3.01 AMS symbols A
)
LaTeX Font Info:    Try loading font information for U+msb on input line 17.

(/usr/share/texlive/texmf-dist/tex/latex/amsfonts/umsb.fd
File: umsb.fd 2013/01/14 v3.01 AMS symbols B
)
Package hyperref Info: Reference (link) `page.38' on input line 17.

Underfull \hbox (badness 10000) in paragraph at lines 17--17

 []


Underfull \hbox (badness 10000) in paragraph at lines 17--17

 []


Underfull \hbox (badness 1442) in paragraph at lines 17--17
\T1/lmr/m/n/12 Dissertação - Uni-ver-si-dade Fe-de-ral de Goiás - UFG,
 []


Underfull \hbox (badness 10000) in paragraph at lines 17--17

 []


Underfull \hbox (badness 10000) in paragraph at lines 17--17

 []


Underfull \hbox (badness 2564) in paragraph at lines 17--17
\T1/lmr/m/n/12 1.Senhas - Te-ses. 2.\T1/lmr/m/it/12 Hashes \T1/lmr/m/n/12 - Te-
ses. 3.Se-gu-rança da
 []


Underfull \hbox (badness 10000) in paragraph at lines 17--17

 []

LaTeX Font Info:    Try loading font information for OMS+lmr on input line 17.
(/usr/share/texmf/tex/latex/lm/omslmr.fd
File: omslmr.fd 2009/10/30 v1.6 Font defs for Latin Modern
)
LaTeX Font Info:    Font shape `OMS/lmr/m/n' in size <12> not available
(Font)              Font shape `OMS/lmsy/m/n' tried instead on input line 17.
Package babel Info: Redefining portuges shorthand "|
(babel)             in language  on input line 19.
Package babel Info: Redefining portuges shorthand "|
(babel)             in language  on input line 19.
Package hyperref Info: Anchor `page.2' on input line 19.
pdfTeX warning (ext4): destination with the same identifier (name{page.2}) has 
been already used, duplicate ignored
<to be read again> 
                   \relax 
l.19 \include{./docs/epigrafe}
                               %% opcional [2
Package `hyperref' Info: End of reference (link) `page.38', line 17.
]
\openout2 = `./docs/epigrafe.aux'.

 (./docs/epigrafe.tex
Package babel Info: Redefining portuges shorthand "|
(babel)             in language  on input line 4.
Package hyperref Info: Anchor `nomeepigrafe.0' on input line 4.
Package hyperref Info: Anchor `estilo:epigrafe' on input line 6.
)
Package babel Info: Redefining portuges shorthand "|
(babel)             in language  on input line 19.
Package babel Info: Redefining portuges shorthand "|
(babel)             in language  on input line 19.
Package hyperref Info: Anchor `page.3' on input line 19.
 [3



]
\openout2 = `./docs/dedicatoria.aux'.


(./docs/dedicatoria.tex
Package babel Info: Redefining portuges shorthand "|
(babel)             in language  on input line 4.
Package babel Info: Redefining portuges shorthand "|
(babel)             in language  on input line 4.
Package hyperref Info: Anchor `page.4' on input line 4.
 [4




]
Package babel Info: Redefining portuges shorthand "|
(babel)             in language  on input line 4.
Package hyperref Info: Anchor `nomededicatoria.0' on input line 4.
Package hyperref Info: Anchor `estilo:dedicatoria' on input line 6.
LaTeX Font Info:    Font shape `T1/calligra/m/n' will be
(Font)              scaled to size 17.28003pt on input line 14.
LaTeX Font Info:    Font shape `T1/calligra/m/n' will be
(Font)              scaled to size 24.88324pt on input line 14.
)
Package babel Info: Redefining portuges shorthand "|
(babel)             in language  on input line 20.
Package babel Info: Redefining portuges shorthand "|
(babel)             in language  on input line 20.
Package hyperref Info: Anchor `page.5' on input line 20.
 [5]
\openout2 = `./docs/agradecimentos.aux'.

 (./docs/agradecimentos.tex
Package babel Info: Redefining portuges shorthand "|
(babel)             in language  on input line 4.
Package babel Info: Redefining portuges shorthand "|
(babel)             in language  on input line 4.
Package hyperref Info: Anchor `page.6' on input line 4.
 [6




]
Package babel Info: Redefining portuges shorthand "|
(babel)             in language  on input line 4.
Package hyperref Info: Anchor `nomethank.0' on input line 4.
Package hyperref Info: Anchor `estilo:agradecimentos' on input line 6.
)
Package babel Info: Redefining portuges shorthand "|
(babel)             in language  on input line 21.
Package babel Info: Redefining portuges shorthand "|
(babel)             in language  on input line 21.
Package hyperref Info: Anchor `page.7' on input line 21.
 [7]
\openout2 = `./docs/resumo.aux'.


(./docs/resumo.tex
Package babel Info: Redefining portuges shorthand "|
(babel)             in language  on input line 4.
Package babel Info: Redefining portuges shorthand "|
(babel)             in language  on input line 4.
Package hyperref Info: Anchor `page.8' on input line 4.
 [8




]
Package babel Info: Redefining portuges shorthand "|
(babel)             in language  on input line 4.
Package hyperref Info: Anchor `nomeresumo.0' on input line 4.
Package hyperref Info: Anchor `estilo:resumo' on input line 6.
)
Package babel Info: Redefining portuges shorthand "|
(babel)             in language  on input line 22.
Package babel Info: Redefining portuges shorthand "|
(babel)             in language  on input line 22.
Package hyperref Info: Anchor `page.9' on input line 22.
 [9]
\openout2 = `./docs/abstract.aux'.

 (./docs/abstract.tex
Package babel Info: Redefining portuges shorthand "|
(babel)             in language  on input line 5.
Package babel Info: Redefining portuges shorthand "|
(babel)             in language  on input line 5.
Package hyperref Info: Anchor `page.10' on input line 5.
 [10




]
Package babel Info: Redefining portuges shorthand "|
(babel)             in language  on input line 5.
Package hyperref Info: Anchor `nomeabstract.0' on input line 5.
Package hyperref Info: Anchor `estilo:abstract' on input line 7.
)
Package babel Info: Redefining portuges shorthand "|
(babel)             in language  on input line 23.
Package babel Info: Redefining portuges shorthand "|
(babel)             in language  on input line 23.
Package hyperref Info: Anchor `page.11' on input line 23.
 [11]
Package babel Info: Redefining portuges shorthand "|
(babel)             in language  on input line 25.
Package babel Info: Redefining portuges shorthand "|
(babel)             in language  on input line 25.
Package hyperref Info: Anchor `page.12' on input line 25.
 [12



]
Package babel Info: Redefining portuges shorthand "|
(babel)             in language  on input line 25.
Package hyperref Info: Anchor `contentsname.0' on input line 25.

(./Tese_Dissertacao_UFG.toc
Package hyperref Info: Reference (link) `section.0.1' on input line 4.
Package hyperref Info: Reference (link) `section.0.2' on input line 7.
Package hyperref Info: Reference (link) `section.0.3' on input line 10.
Package hyperref Info: Reference (link) `section.0.4' on input line 13.
Package hyperref Info: Reference (link) `chapter.1' on input line 15.
Package hyperref Info: Reference (link) `chapter.2' on input line 16.
Package hyperref Info: Reference (link) `section.2.1' on input line 17.
Package hyperref Info: Reference (link) `section.2.2' on input line 18.
Package hyperref Info: Reference (link) `subsection.2.2.1' on input line 19.
Package hyperref Info: Reference (link) `section.2.3' on input line 20.
Package hyperref Info: Reference (link) `subsection.2.3.1' on input line 21.
Package hyperref Info: Reference (link) `section.2.4' on input line 22.
Package hyperref Info: Reference (link) `chapter.3' on input line 23.
Package hyperref Info: Reference (link) `section.3.1' on input line 24.
Package hyperref Info: Reference (link) `section.3.2' on input line 25.
Package hyperref Info: Reference (link) `subsection.3.2.1' on input line 26.
Package hyperref Info: Reference (link) `section.3.3' on input line 27.
Package hyperref Info: Reference (link) `subsection.3.3.1' on input line 28.
Package hyperref Info: Reference (link) `section.3.4' on input line 29.
Package hyperref Info: Reference (link) `chapter.4' on input line 30.
Package hyperref Info: Reference (link) `section.4.1' on input line 31.
Package hyperref Info: Reference (link) `section.4.2' on input line 32.
Package hyperref Info: Reference (link) `section.4.3' on input line 33.
Package hyperref Info: Reference (link) `section.4.4' on input line 34.
Package hyperref Info: Reference (link) `section.4.5' on input line 35.
Package hyperref Info: Reference (link) `chapter.5' on input line 36.
Package hyperref Info: Reference (link) `section.5.1' on input line 37.
Package hyperref Info: Reference (link) `section.5.2' on input line 38.
Package babel Info: Redefining portuges shorthand "|
(babel)             in language  on input line 39.
Package babel Info: Redefining portuges shorthand "|
(babel)             in language  on input line 39.
Package hyperref Info: Anchor `page.13' on input line 39.
 [13
Package `hyperref' Info: End of reference (link) `section.0.1', line 4.
Package `hyperref' Info: End of reference (link) `section.0.2', line 7.
Package `hyperref' Info: End of reference (link) `section.0.3', line 10.
Package `hyperref' Info: End of reference (link) `section.0.4', line 13.
Package `hyperref' Info: End of reference (link) `chapter.1', line 15.
Package `hyperref' Info: End of reference (link) `chapter.2', line 16.
Package `hyperref' Info: End of reference (link) `section.2.1', line 17.
Package `hyperref' Info: End of reference (link) `section.2.2', line 18.
Package `hyperref' Info: End of reference (link) `subsection.2.2.1', line 19.
Package `hyperref' Info: End of reference (link) `section.2.3', line 20.
Package `hyperref' Info: End of reference (link) `subsection.2.3.1', line 21.
Package `hyperref' Info: End of reference (link) `section.2.4', line 22.
Package `hyperref' Info: End of reference (link) `chapter.3', line 23.
Package `hyperref' Info: End of reference (link) `section.3.1', line 24.
Package `hyperref' Info: End of reference (link) `section.3.2', line 25.
Package `hyperref' Info: End of reference (link) `subsection.3.2.1', line 26.
Package `hyperref' Info: End of reference (link) `section.3.3', line 27.
Package `hyperref' Info: End of reference (link) `subsection.3.3.1', line 28.
Package `hyperref' Info: End of reference (link) `section.3.4', line 29.
Package `hyperref' Info: End of reference (link) `chapter.4', line 30.
Package `hyperref' Info: End of reference (link) `section.4.1', line 31.
Package `hyperref' Info: End of reference (link) `section.4.2', line 32.
Package `hyperref' Info: End of reference (link) `section.4.3', line 33.
Package `hyperref' Info: End of reference (link) `section.4.4', line 34.
Package `hyperref' Info: End of reference (link) `section.4.5', line 35.
Package `hyperref' Info: End of reference (link) `chapter.5', line 36.
Package `hyperref' Info: End of reference (link) `section.5.1', line 37.
]
Package hyperref Info: Reference (link) `subsection.5.2.1' on input line 39.
Package hyperref Info: Reference (link) `section.5.3' on input line 40.
Package hyperref Info: Reference (link) `section.5.4' on input line 41.
Package hyperref Info: Reference (link) `chapter.6' on input line 42.
Package hyperref Info: Reference (link) `section.6.1' on input line 43.
Package hyperref Info: Reference (link) `section.6.2' on input line 44.
Package hyperref Info: Reference (link) `section.6.3' on input line 45.
Package hyperref Info: Reference (link) `anexo.a' on input line 47.
Package hyperref Info: Reference (link) `anexo.b' on input line 48.
)
\tf@toc=\write5
\openout5 = `Tese_Dissertacao_UFG.toc'.

Package babel Info: Redefining portuges shorthand "|
(babel)             in language  on input line 25.
Package babel Info: Redefining portuges shorthand "|
(babel)             in language  on input line 25.
Package hyperref Info: Anchor `page.14' on input line 25.
 [14
Package `hyperref' Info: End of reference (link) `section.5.2', line 38.
Package `hyperref' Info: End of reference (link) `subsection.5.2.1', line 39.
Package `hyperref' Info: End of reference (link) `section.5.3', line 40.
Package `hyperref' Info: End of reference (link) `section.5.4', line 41.
Package `hyperref' Info: End of reference (link) `chapter.6', line 42.
Package `hyperref' Info: End of reference (link) `section.6.1', line 43.
Package `hyperref' Info: End of reference (link) `section.6.2', line 44.
Package `hyperref' Info: End of reference (link) `section.6.3', line 45.
Package `hyperref' Info: End of reference (link) `anexo.a', line 47.
Package `hyperref' Info: End of reference (link) `anexo.b', line 48.
]
Package hyperref Info: Anchor `section.0.1' on input line 26.
Package babel Info: Redefining portuges shorthand "|
(babel)             in language  on input line 26.
Package hyperref Info: bookmark on input line 26:
(hyperref)             thecounter {0}
(hyperref)             text {\listfigurename }
(hyperref)             reference {section.0.1}
(hyperref)             toclevel {0}
(hyperref)             type {toc}.
 (./Tese_Dissertacao_UFG.lof
Package hyperref Info: Reference (link) `figure.2.1' on input line 5.
Package hyperref Info: Reference (link) `figure.2.2' on input line 6.
)
\tf@lof=\write6
\openout6 = `Tese_Dissertacao_UFG.lof'.

Package babel Info: Redefining portuges shorthand "|
(babel)             in language  on input line 26.
Package babel Info: Redefining portuges shorthand "|
(babel)             in language  on input line 26.
Package hyperref Info: Anchor `page.15' on input line 26.
 [15




Package `hyperref' Info: End of reference (link) `figure.2.1', line 5.
Package `hyperref' Info: End of reference (link) `figure.2.2', line 6.
]
Package babel Info: Redefining portuges shorthand "|
(babel)             in language  on input line 26.
Package babel Info: Redefining portuges shorthand "|
(babel)             in language  on input line 26.
Package hyperref Info: Anchor `page.16' on input line 26.

[16


]
Package hyperref Info: Anchor `section.0.2' on input line 27.
Package babel Info: Redefining portuges shorthand "|
(babel)             in language  on input line 27.
Package hyperref Info: bookmark on input line 27:
(hyperref)             thecounter {0}
(hyperref)             text {\listtablename }
(hyperref)             reference {section.0.2}
(hyperref)             toclevel {0}
(hyperref)             type {toc}.
 (./Tese_Dissertacao_UFG.lot
Package hyperref Info: Reference (link) `table.5.1' on input line 8.
Package hyperref Info: Reference (link) `table.5.2' on input line 9.
)
\tf@lot=\write7
\openout7 = `Tese_Dissertacao_UFG.lot'.

Package babel Info: Redefining portuges shorthand "|
(babel)             in language  on input line 27.
Package babel Info: Redefining portuges shorthand "|
(babel)             in language  on input line 27.
Package hyperref Info: Anchor `page.17' on input line 27.
 [17


Package `hyperref' Info: End of reference (link) `table.5.1', line 8.
Package `hyperref' Info: End of reference (link) `table.5.2', line 9.
]
Package babel Info: Redefining portuges shorthand "|
(babel)             in language  on input line 27.
Package babel Info: Redefining portuges shorthand "|
(babel)             in language  on input line 27.
Package hyperref Info: Anchor `page.18' on input line 27.
 [18


]
\openout2 = `./docs/simbolos.aux'.

 (./docs/simbolos.tex
Package hyperref Info: Anchor `section.0.3' on input line 5.
Package babel Info: Redefining portuges shorthand "|
(babel)             in language  on input line 5.
Package hyperref Info: bookmark on input line 5:
(hyperref)             thecounter {0}
(hyperref)             text {\listsimbname }
(hyperref)             reference {section.0.3}
(hyperref)             toclevel {0}
(hyperref)             type {toc}.
Package hyperref Info: Anchor `estilo:simbolos' on input line 6.

Overfull \hbox (49.76816pt too wide) in paragraph at lines 5--16
[] 
 []

Package babel Info: Redefining portuges shorthand "|
(babel)             in language  on input line 16.
Package babel Info: Redefining portuges shorthand "|
(babel)             in language  on input line 16.
Package hyperref Info: Anchor `page.19' on input line 16.
[19



]
Package babel Info: Redefining portuges shorthand "|
(babel)             in language  on input line 16.
Package babel Info: Redefining portuges shorthand "|
(babel)             in language  on input line 16.
Package hyperref Info: Anchor `page.20' on input line 16.
 [20


])
\openout2 = `./docs/abreviaturasesiglas.aux'.

 (./docs/abreviaturasesiglas.tex
Package hyperref Info: Anchor `section.0.4' on input line 10.
Package babel Info: Redefining portuges shorthand "|
(babel)             in language  on input line 10.
Package hyperref Info: bookmark on input line 10:
(hyperref)             thecounter {0}
(hyperref)             text {\nomeabreviaturasesiglas }
(hyperref)             reference {section.0.4}
(hyperref)             toclevel {0}
(hyperref)             type {toc}.
Package hyperref Info: Anchor `estilo:abreviaturasesiglas' on input line 11.
Package babel Info: Redefining portuges shorthand "|
(babel)             in language  on input line 35.
Package babel Info: Redefining portuges shorthand "|
(babel)             in language  on input line 35.
Package hyperref Info: Anchor `page.21' on input line 35.
 [21




]
Package babel Info: Redefining portuges shorthand "|
(babel)             in language  on input line 35.
Package babel Info: Redefining portuges shorthand "|
(babel)             in language  on input line 35.
Package hyperref Info: Anchor `page.22' on input line 35.
 [22


])
\openout2 = `./docs/INTROT.aux'.

 (./docs/INTROT.tex
Package hyperref Info: Anchor `chapter.1' on input line 3.

Cap\'{\i }tulo 1.
Package babel Info: Redefining portuges shorthand "|
(babel)             in language  on input line 3.
Package hyperref Info: bookmark on input line 3:
(hyperref)             thecounter {1}
(hyperref)             text {\protect \numberline {\thechapter }INTRODUÇÃO (xx/
xx/2017)}
(hyperref)             reference {chapter.1}
(hyperref)             toclevel {0}
(hyperref)             type {toc}.
)
Package babel Info: Redefining portuges shorthand "|
(babel)             in language  on input line 34.
Package babel Info: Redefining portuges shorthand "|
(babel)             in language  on input line 34.
Package hyperref Info: Anchor `page.23' on input line 34.
 [23






]
\openout2 = `./docs/CAP2T.aux'.

 (./docs/CAP2T.tex
Package babel Info: Redefining portuges shorthand "|
(babel)             in language  on input line 3.
Package babel Info: Redefining portuges shorthand "|
(babel)             in language  on input line 3.
Package hyperref Info: Anchor `page.24' on input line 3.
 [24




]
Package hyperref Info: Anchor `chapter.2' on input line 3.

Cap\'{\i }tulo 2.
Package babel Info: Redefining portuges shorthand "|
(babel)             in language  on input line 3.
Package hyperref Info: bookmark on input line 3:
(hyperref)             thecounter {2}
(hyperref)             text {\protect \numberline {\thechapter }CONTROLE MODERN
O (xx/xx/2017)}
(hyperref)             reference {chapter.2}
(hyperref)             toclevel {0}
(hyperref)             type {toc}.
Package hyperref Info: Anchor `section.2.1' on input line 5.
Package babel Info: Redefining portuges shorthand "|
(babel)             in language  on input line 5.
Package hyperref Info: bookmark on input line 5:
(hyperref)             thecounter {2.1}
(hyperref)             text {\ifnum 1>\c@secnumdepth \else \protect \numberline
 {\csname thesection\endcsname }\fi Controle clássico e moderno}
(hyperref)             reference {section.2.1}
(hyperref)             toclevel {1}
(hyperref)             type {toc}.
Package hyperref Info: Anchor `section.2.2' on input line 9.
Package babel Info: Redefining portuges shorthand "|
(babel)             in language  on input line 9.
Package hyperref Info: bookmark on input line 9:
(hyperref)             thecounter {2.2}
(hyperref)             text {\ifnum 1>\c@secnumdepth \else \protect \numberline
 {\csname thesection\endcsname }\fi Controle por modos deslizantes}
(hyperref)             reference {section.2.2}
(hyperref)             toclevel {1}
(hyperref)             type {toc}.
Package hyperref Info: Anchor `subsection.2.2.1' on input line 13.
Package babel Info: Redefining portuges shorthand "|
(babel)             in language  on input line 13.
Package hyperref Info: bookmark on input line 13:
(hyperref)             thecounter {2.2.1}
(hyperref)             text {\ifnum 2>\c@secnumdepth \else \protect \numberline
 {\csname thesubsection\endcsname }\fi Sintonia do controlador por modos desliz
antes}
(hyperref)             reference {subsection.2.2.1}
(hyperref)             toclevel {2}
(hyperref)             type {toc}.
Package hyperref Info: Anchor `section.2.3' on input line 17.
Package babel Info: Redefining portuges shorthand "|
(babel)             in language  on input line 17.
Package hyperref Info: bookmark on input line 17:
(hyperref)             thecounter {2.3}
(hyperref)             text {\ifnum 1>\c@secnumdepth \else \protect \numberline
 {\csname thesection\endcsname }\fi Controle preditivo baseado em modelos}
(hyperref)             reference {section.2.3}
(hyperref)             toclevel {1}
(hyperref)             type {toc}.
Package hyperref Info: Anchor `subsection.2.3.1' on input line 21.
Package babel Info: Redefining portuges shorthand "|
(babel)             in language  on input line 21.
Package hyperref Info: bookmark on input line 21:
(hyperref)             thecounter {2.3.1}
(hyperref)             text {\ifnum 2>\c@secnumdepth \else \protect \numberline
 {\csname thesubsection\endcsname }\fi Sintonia do controlador preditivo basead
o em modelos}
(hyperref)             reference {subsection.2.3.1}
(hyperref)             toclevel {2}
(hyperref)             type {toc}.
Package hyperref Info: Anchor `section.2.4' on input line 25.
Package babel Info: Redefining portuges shorthand "|
(babel)             in language  on input line 25.
Package hyperref Info: bookmark on input line 25:
(hyperref)             thecounter {2.4}
(hyperref)             text {\ifnum 1>\c@secnumdepth \else \protect \numberline
 {\csname thesection\endcsname }\fi Considerações}
(hyperref)             reference {section.2.4}
(hyperref)             toclevel {1}
(hyperref)             type {toc}.
Package hyperref Info: Reference (link) `figure.2.1' on input line 27.
Package hyperref Info: Reference (link) `figure.2.2' on input line 27.
<./figs/Fig1-1.png, id=367, 371.58826pt x 115.02975pt>
File: ./figs/Fig1-1.png Graphic file (type png)
 <use ./figs/Fig1-1.png>
Package pdftex.def Info: ./figs/Fig1-1.png used on input line 31.
(pdftex.def)             Requested size: 240.0pt x 74.2963pt.
Package hyperref Info: bookmark on input line 32:
(hyperref)             thecounter {2.1}
(hyperref)             text {\protect \numberline {\csname the\@captype \endcsn
ame }{\ignorespaces Partes construtivas do motor de corrente contínua.}}
(hyperref)             reference {figure.2.1}
(hyperref)             toclevel {0}
(hyperref)             type {lof}.
Package hyperref Info: Anchor `figure.2.1' on input line 32.

<./figs/Fig2-4.png, id=368, 364.562pt x 198.341pt>
File: ./figs/Fig2-4.png Graphic file (type png)
 <use ./figs/Fig2-4.png>
Package pdftex.def Info: ./figs/Fig2-4.png used on input line 38.
(pdftex.def)             Requested size: 426.79135pt x 232.21541pt.
Package hyperref Info: bookmark on input line 39:
(hyperref)             thecounter {2.2}
(hyperref)             text {\protect \numberline {\csname the\@captype \endcsn
ame }{\ignorespaces Ligações de máquinas CC: (a) excitação independente, (b) em
 derivação, (c) em série, (d) composta.}}
(hyperref)             reference {figure.2.2}
(hyperref)             toclevel {0}
(hyperref)             type {lof}.
Package hyperref Info: Anchor `figure.2.2' on input line 39.
Package hyperref Info: Anchor `figure.2.2' on input line 39.


LaTeX Warning: `!h' float specifier changed to `!ht'.

)
Package babel Info: Redefining portuges shorthand "|
(babel)             in language  on input line 35.
Package babel Info: Redefining portuges shorthand "|
(babel)             in language  on input line 35.
Package hyperref Info: Anchor `page.25' on input line 35.
 [25
Package `hyperref' Info: End of reference (link) `figure.2.1', line 27.
Package `hyperref' Info: End of reference (link) `figure.2.2', line 27.
 <./figs/Fig1-1.png>]
Package babel Info: Redefining portuges shorthand "|
(babel)             in language  on input line 35.
Package babel Info: Redefining portuges shorthand "|
(babel)             in language  on input line 35.
Package hyperref Info: Anchor `page.26' on input line 35.
 [26 <./figs/Fig2-4.png>]
\openout2 = `./docs/CAP3T.aux'.

 (./docs/CAP3T.tex
Package hyperref Info: Anchor `chapter.3' on input line 3.

Cap\'{\i }tulo 3.
Package babel Info: Redefining portuges shorthand "|
(babel)             in language  on input line 3.
Package hyperref Info: bookmark on input line 3:
(hyperref)             thecounter {3}
(hyperref)             text {\protect \numberline {\thechapter }SISTEMA, MODELO
 E OTIMIZAÇÃO (xx/xx/2017)}
(hyperref)             reference {chapter.3}
(hyperref)             toclevel {0}
(hyperref)             type {toc}.
Package hyperref Info: Anchor `section.3.1' on input line 5.
Package babel Info: Redefining portuges shorthand "|
(babel)             in language  on input line 5.
Package hyperref Info: bookmark on input line 5:
(hyperref)             thecounter {3.1}
(hyperref)             text {\ifnum 1>\c@secnumdepth \else \protect \numberline
 {\csname thesection\endcsname }\fi Sistema}
(hyperref)             reference {section.3.1}
(hyperref)             toclevel {1}
(hyperref)             type {toc}.
Package hyperref Info: Anchor `section.3.2' on input line 9.
Package babel Info: Redefining portuges shorthand "|
(babel)             in language  on input line 9.
Package hyperref Info: bookmark on input line 9:
(hyperref)             thecounter {3.2}
(hyperref)             text {\ifnum 1>\c@secnumdepth \else \protect \numberline
 {\csname thesection\endcsname }\fi Modelo}
(hyperref)             reference {section.3.2}
(hyperref)             toclevel {1}
(hyperref)             type {toc}.
Package hyperref Info: Anchor `subsection.3.2.1' on input line 13.
Package babel Info: Redefining portuges shorthand "|
(babel)             in language  on input line 13.
Package hyperref Info: bookmark on input line 13:
(hyperref)             thecounter {3.2.1}
(hyperref)             text {\ifnum 2>\c@secnumdepth \else \protect \numberline
 {\csname thesubsection\endcsname }\fi Construção da modelagem do motor de corr
ente contínua}
(hyperref)             reference {subsection.3.2.1}
(hyperref)             toclevel {2}
(hyperref)             type {toc}.
Package hyperref Info: Anchor `section.3.3' on input line 17.
Package babel Info: Redefining portuges shorthand "|
(babel)             in language  on input line 17.
Package hyperref Info: bookmark on input line 17:
(hyperref)             thecounter {3.3}
(hyperref)             text {\ifnum 1>\c@secnumdepth \else \protect \numberline
 {\csname thesection\endcsname }\fi Processo de otimização}
(hyperref)             reference {section.3.3}
(hyperref)             toclevel {1}
(hyperref)             type {toc}.
Package hyperref Info: Anchor `subsection.3.3.1' on input line 21.
Package babel Info: Redefining portuges shorthand "|
(babel)             in language  on input line 21.
Package hyperref Info: bookmark on input line 21:
(hyperref)             thecounter {3.3.1}
(hyperref)             text {\ifnum 2>\c@secnumdepth \else \protect \numberline
 {\csname thesubsection\endcsname }\fi Otimização aplicada ao controle do motor
 de corrente contínua}
(hyperref)             reference {subsection.3.3.1}
(hyperref)             toclevel {2}
(hyperref)             type {toc}.
Package hyperref Info: Anchor `section.3.4' on input line 25.
Package babel Info: Redefining portuges shorthand "|
(babel)             in language  on input line 25.
Package hyperref Info: bookmark on input line 25:
(hyperref)             thecounter {3.4}
(hyperref)             text {\ifnum 1>\c@secnumdepth \else \protect \numberline
 {\csname thesection\endcsname }\fi Considerações}
(hyperref)             reference {section.3.4}
(hyperref)             toclevel {1}
(hyperref)             type {toc}.
Package hyperref Info: Reference (link) `equation.3.4.1' on input line 27.
Package hyperref Info: Reference (link) `equation.3.4.2' on input line 27.
Package hyperref Info: Anchor `equation.3.4.1' on input line 29.
Package hyperref Info: Anchor `equation.3.4.1' on input line 29.
Package hyperref Info: Anchor `equation.3.4.1' on input line 29.
Package hyperref Info: Anchor `equation.3.4.1' on input line 29.
Package hyperref Info: Anchor `equation.3.4.2' on input line 34.
Package hyperref Info: Anchor `equation.3.4.2' on input line 34.
Package hyperref Info: Anchor `equation.3.4.2' on input line 34.
Package hyperref Info: Anchor `equation.3.4.2' on input line 34.
)
Package babel Info: Redefining portuges shorthand "|
(babel)             in language  on input line 36.
Package babel Info: Redefining portuges shorthand "|
(babel)             in language  on input line 36.
Package hyperref Info: Anchor `page.27' on input line 36.
 [27




Package `hyperref' Info: End of reference (link) `equation.3.4.1', line 27.
Package `hyperref' Info: End of reference (link) `equation.3.4.2', line 27.
]
\openout2 = `./docs/CAP4T.aux'.

 (./docs/CAP4T.tex
Package babel Info: Redefining portuges shorthand "|
(babel)             in language  on input line 3.
Package babel Info: Redefining portuges shorthand "|
(babel)             in language  on input line 3.
Package hyperref Info: Anchor `page.28' on input line 3.
 [28




]
Package hyperref Info: Anchor `chapter.4' on input line 3.

Cap\'{\i }tulo 4.
Package babel Info: Redefining portuges shorthand "|
(babel)             in language  on input line 3.
Package hyperref Info: bookmark on input line 3:
(hyperref)             thecounter {4}
(hyperref)             text {\protect \numberline {\thechapter }METODOLOGIA (xx
/xx/2017)}
(hyperref)             reference {chapter.4}
(hyperref)             toclevel {0}
(hyperref)             type {toc}.
Package hyperref Info: Anchor `section.4.1' on input line 5.
Package babel Info: Redefining portuges shorthand "|
(babel)             in language  on input line 5.
Package hyperref Info: bookmark on input line 5:
(hyperref)             thecounter {4.1}
(hyperref)             text {\ifnum 1>\c@secnumdepth \else \protect \numberline
 {\csname thesection\endcsname }\fi Construção e configuração do sistema}
(hyperref)             reference {section.4.1}
(hyperref)             toclevel {1}
(hyperref)             type {toc}.
Package hyperref Info: Anchor `section.4.2' on input line 7.
Package babel Info: Redefining portuges shorthand "|
(babel)             in language  on input line 7.
Package hyperref Info: bookmark on input line 7:
(hyperref)             thecounter {4.2}
(hyperref)             text {\ifnum 1>\c@secnumdepth \else \protect \numberline
 {\csname thesection\endcsname }\fi Modelagem e simulação}
(hyperref)             reference {section.4.2}
(hyperref)             toclevel {1}
(hyperref)             type {toc}.
Package hyperref Info: Anchor `section.4.3' on input line 9.
Package babel Info: Redefining portuges shorthand "|
(babel)             in language  on input line 9.
Package hyperref Info: bookmark on input line 9:
(hyperref)             thecounter {4.3}
(hyperref)             text {\ifnum 1>\c@secnumdepth \else \protect \numberline
 {\csname thesection\endcsname }\fi Aplicação do processo de otimização na sint
onia dos controladores}
(hyperref)             reference {section.4.3}
(hyperref)             toclevel {1}
(hyperref)             type {toc}.
Package hyperref Info: Anchor `section.4.4' on input line 11.
Package babel Info: Redefining portuges shorthand "|
(babel)             in language  on input line 11.
Package hyperref Info: bookmark on input line 11:
(hyperref)             thecounter {4.4}
(hyperref)             text {\ifnum 1>\c@secnumdepth \else \protect \numberline
 {\csname thesection\endcsname }\fi Análise de desempenho entre os controladore
s}
(hyperref)             reference {section.4.4}
(hyperref)             toclevel {1}
(hyperref)             type {toc}.
Package hyperref Info: Anchor `section.4.5' on input line 13.
Package babel Info: Redefining portuges shorthand "|
(babel)             in language  on input line 13.
Package hyperref Info: bookmark on input line 13:
(hyperref)             thecounter {4.5}
(hyperref)             text {\ifnum 1>\c@secnumdepth \else \protect \numberline
 {\csname thesection\endcsname }\fi Considerações}
(hyperref)             reference {section.4.5}
(hyperref)             toclevel {1}
(hyperref)             type {toc}.
)
Package babel Info: Redefining portuges shorthand "|
(babel)             in language  on input line 37.
Package babel Info: Redefining portuges shorthand "|
(babel)             in language  on input line 37.
Package hyperref Info: Anchor `page.29' on input line 37.
 [29]
\openout2 = `./docs/CAP5T.aux'.

 (./docs/CAP5T.tex
Package babel Info: Redefining portuges shorthand "|
(babel)             in language  on input line 3.
Package babel Info: Redefining portuges shorthand "|
(babel)             in language  on input line 3.
Package hyperref Info: Anchor `page.30' on input line 3.
 [30




]
Package hyperref Info: Anchor `chapter.5' on input line 3.

Cap\'{\i }tulo 5.
Package babel Info: Redefining portuges shorthand "|
(babel)             in language  on input line 3.
Package hyperref Info: bookmark on input line 3:
(hyperref)             thecounter {5}
(hyperref)             text {\protect \numberline {\thechapter }RESULTADOS (xx/
xx/2018)}
(hyperref)             reference {chapter.5}
(hyperref)             toclevel {0}
(hyperref)             type {toc}.
Package hyperref Info: Anchor `section.5.1' on input line 9.
Package babel Info: Redefining portuges shorthand "|
(babel)             in language  on input line 9.
Package hyperref Info: bookmark on input line 9:
(hyperref)             thecounter {5.1}
(hyperref)             text {\ifnum 1>\c@secnumdepth \else \protect \numberline
 {\csname thesection\endcsname }\fi Construção da bancada e do modelo}
(hyperref)             reference {section.5.1}
(hyperref)             toclevel {1}
(hyperref)             type {toc}.
Package hyperref Info: Anchor `section.5.2' on input line 11.
Package babel Info: Redefining portuges shorthand "|
(babel)             in language  on input line 11.
Package hyperref Info: bookmark on input line 11:
(hyperref)             thecounter {5.2}
(hyperref)             text {\ifnum 1>\c@secnumdepth \else \protect \numberline
 {\csname thesection\endcsname }\fi Resultado de simulação}
(hyperref)             reference {section.5.2}
(hyperref)             toclevel {1}
(hyperref)             type {toc}.
Package hyperref Info: Anchor `subsection.5.2.1' on input line 13.
Package babel Info: Redefining portuges shorthand "|
(babel)             in language  on input line 13.
Package hyperref Info: bookmark on input line 13:
(hyperref)             thecounter {5.2.1}
(hyperref)             text {\ifnum 2>\c@secnumdepth \else \protect \numberline
 {\csname thesubsection\endcsname }\fi Otimização aplicada na sintonia dos cont
roladores}
(hyperref)             reference {subsection.5.2.1}
(hyperref)             toclevel {2}
(hyperref)             type {toc}.
Package hyperref Info: Anchor `section.5.3' on input line 15.
Package babel Info: Redefining portuges shorthand "|
(babel)             in language  on input line 15.
Package hyperref Info: bookmark on input line 15:
(hyperref)             thecounter {5.3}
(hyperref)             text {\ifnum 1>\c@secnumdepth \else \protect \numberline
 {\csname thesection\endcsname }\fi Resultado de bancada}
(hyperref)             reference {section.5.3}
(hyperref)             toclevel {1}
(hyperref)             type {toc}.
Package hyperref Info: Anchor `section.5.4' on input line 17.
Package babel Info: Redefining portuges shorthand "|
(babel)             in language  on input line 17.
Package hyperref Info: bookmark on input line 17:
(hyperref)             thecounter {5.4}
(hyperref)             text {\ifnum 1>\c@secnumdepth \else \protect \numberline
 {\csname thesection\endcsname }\fi Comentários}
(hyperref)             reference {section.5.4}
(hyperref)             toclevel {1}
(hyperref)             type {toc}.
Package hyperref Info: Reference (link) `table.5.1' on input line 19.
Package hyperref Info: Reference (link) `table.5.2' on input line 19.
Package hyperref Info: bookmark on input line 24:
(hyperref)             thecounter {5.1}
(hyperref)             text {\protect \numberline {\csname the\@captype \endcsn
ame }{\ignorespaces Parâmetros da expressão NARMAX do modelo do sistema.}}
(hyperref)             reference {table.5.1}
(hyperref)             toclevel {0}
(hyperref)             type {lot}.
Package hyperref Info: Anchor `table.5.1' on input line 24.
LaTeX Font Info:    External font `lmex10' loaded for size
(Font)              <10> on input line 25.
LaTeX Font Info:    External font `lmex10' loaded for size
(Font)              <7> on input line 25.
LaTeX Font Info:    External font `lmex10' loaded for size
(Font)              <5> on input line 25.
Package hyperref Info: bookmark on input line 55:
(hyperref)             thecounter {5.2}
(hyperref)             text {\protect \numberline {\csname the\@captype \endcsn
ame }{\ignorespaces Parâmetros otimizados para o controlador PID.}}
(hyperref)             reference {table.5.2}
(hyperref)             toclevel {0}
(hyperref)             type {lot}.
Package hyperref Info: Anchor `table.5.2' on input line 55.
)
Package babel Info: Redefining portuges shorthand "|
(babel)             in language  on input line 38.
Package babel Info: Redefining portuges shorthand "|
(babel)             in language  on input line 38.
Package hyperref Info: Anchor `page.31' on input line 38.
 [31
Package `hyperref' Info: End of reference (link) `table.5.1', line 19.
Package `hyperref' Info: End of reference (link) `table.5.2', line 19.
]
\openout2 = `./docs/CAP6T.aux'.

 (./docs/CAP6T.tex
Package babel Info: Redefining portuges shorthand "|
(babel)             in language  on input line 3.
Package babel Info: Redefining portuges shorthand "|
(babel)             in language  on input line 3.
Package hyperref Info: Anchor `page.32' on input line 3.
 [32




]
Package hyperref Info: Anchor `chapter.6' on input line 3.

Cap\'{\i }tulo 6.
Package babel Info: Redefining portuges shorthand "|
(babel)             in language  on input line 3.
Package hyperref Info: bookmark on input line 3:
(hyperref)             thecounter {6}
(hyperref)             text {\protect \numberline {\thechapter }CONCLUSÃO (xx/x
x/2018)}
(hyperref)             reference {chapter.6}
(hyperref)             toclevel {0}
(hyperref)             type {toc}.
Package hyperref Info: Anchor `section.6.1' on input line 7.
Package babel Info: Redefining portuges shorthand "|
(babel)             in language  on input line 7.
Package hyperref Info: bookmark on input line 7:
(hyperref)             thecounter {6.1}
(hyperref)             text {\ifnum 1>\c@secnumdepth \else \protect \numberline
 {\csname thesection\endcsname }\fi Contribuições do Trabalho}
(hyperref)             reference {section.6.1}
(hyperref)             toclevel {1}
(hyperref)             type {toc}.
Package hyperref Info: Anchor `section.6.2' on input line 15.
Package babel Info: Redefining portuges shorthand "|
(babel)             in language  on input line 15.
Package hyperref Info: bookmark on input line 15:
(hyperref)             thecounter {6.2}
(hyperref)             text {\ifnum 1>\c@secnumdepth \else \protect \numberline
 {\csname thesection\endcsname }\fi Continuação do trabalho}
(hyperref)             reference {section.6.2}
(hyperref)             toclevel {1}
(hyperref)             type {toc}.
Package hyperref Info: Anchor `section.6.3' on input line 18.
Package babel Info: Redefining portuges shorthand "|
(babel)             in language  on input line 18.
Package hyperref Info: bookmark on input line 18:
(hyperref)             thecounter {6.3}
(hyperref)             text {\ifnum 1>\c@secnumdepth \else \protect \numberline
 {\csname thesection\endcsname }\fi Sugestões para Trabalhos Futuros}
(hyperref)             reference {section.6.3}
(hyperref)             toclevel {1}
(hyperref)             type {toc}.
)
Package babel Info: Redefining portuges shorthand "|
(babel)             in language  on input line 39.
Package babel Info: Redefining portuges shorthand "|
(babel)             in language  on input line 39.
Package hyperref Info: Anchor `page.33' on input line 39.
 [33]
Package babel Info: Redefining portuges shorthand "|
(babel)             in language  on input line 42.
Package babel Info: Redefining portuges shorthand "|
(babel)             in language  on input line 42.
Package hyperref Info: Anchor `page.34' on input line 42.
 [34



] (./Tese_Dissertacao_UFG.bbl (./Tese_Dissertacao_UFG.brf)
\tf@brf=\write8
\openout8 = `Tese_Dissertacao_UFG.brf'.

Package hyperref Info: Anchor `anexo.a' on input line 3.
Package babel Info: Redefining portuges shorthand "|
(babel)             in language  on input line 3.
Package hyperref Info: bookmark on input line 3:
(hyperref)             thecounter {A}
(hyperref)             text {\refname }
(hyperref)             reference {anexo.a}
(hyperref)             toclevel {0}
(hyperref)             type {toc}.
)
Package hyperref Info: Anchor `references' on input line 46.
Package babel Info: Redefining portuges shorthand "|
(babel)             in language  on input line 47.
Package babel Info: Redefining portuges shorthand "|
(babel)             in language  on input line 47.
Package hyperref Info: Anchor `page.35' on input line 47.
 [35


]
\openout2 = `./docs/glossario.aux'.


(./docs/glossario.tex
Package hyperref Info: Anchor `estilo:glossario' on input line 3.
Package babel Info: Redefining portuges shorthand "|
(babel)             in language  on input line 5.
Package babel Info: Redefining portuges shorthand "|
(babel)             in language  on input line 5.
Package hyperref Info: Anchor `page.36' on input line 5.
 [36



]
Package hyperref Info: Anchor `anexo.b' on input line 5.
Package babel Info: Redefining portuges shorthand "|
(babel)             in language  on input line 5.
Package hyperref Info: bookmark on input line 5:
(hyperref)             thecounter {B}
(hyperref)             text {\nomeglossarios }
(hyperref)             reference {anexo.b}
(hyperref)             toclevel {0}
(hyperref)             type {toc}.
Package babel Info: Redefining portuges shorthand "|
(babel)             in language  on input line 20.
Package babel Info: Redefining portuges shorthand "|
(babel)             in language  on input line 20.
Package hyperref Info: Anchor `page.37' on input line 20.
 [37])
Package babel Info: Redefining portuges shorthand "|
(babel)             in language  on input line 47.
Package babel Info: Redefining portuges shorthand "|
(babel)             in language  on input line 47.
Package hyperref Info: Anchor `page.38' on input line 47.
 [38] (./Tese_Dissertacao_UFG.ind)
AED: lastpage setting LastPage 
Package babel Info: Redefining portuges shorthand "|
(babel)             in language  on input line 50.
Package atveryend Info: Empty hook `BeforeClearDocument' on input line 50.
Package atveryend Info: Empty hook `AfterLastShipout' on input line 50.
(./Tese_Dissertacao_UFG.aux (./docs/epigrafe.aux) (./docs/dedicatoria.aux)
(./docs/agradecimentos.aux) (./docs/resumo.aux) (./docs/abstract.aux)
(./docs/simbolos.aux) (./docs/abreviaturasesiglas.aux) (./docs/INTROT.aux)
(./docs/CAP2T.aux) (./docs/CAP3T.aux) (./docs/CAP4T.aux) (./docs/CAP5T.aux)
(./docs/CAP6T.aux) (./docs/glossario.aux))
Package atveryend Info: Executing hook `AtVeryEndDocument' on input line 50.
Package atveryend Info: Executing hook `AtEndAfterFileList' on input line 50.
Package rerunfilecheck Info: File `Tese_Dissertacao_UFG.out' has not changed.
(rerunfilecheck)             Checksum: 1FBEE867BE29A41622CE987970793889;3402.
Package rerunfilecheck Info: File `Tese_Dissertacao_UFG.brf' has not changed.
(rerunfilecheck)             Checksum: D41D8CD98F00B204E9800998ECF8427E;0.
Package atveryend Info: Empty hook `AtVeryVeryEnd' on input line 50.
 ) 
Here is how much of TeX's memory you used:
 10330 strings out of 493304
 148336 string characters out of 6139871
 264729 words of memory out of 5000000
 13329 multiletter control sequences out of 15000+600000
 62898 words of font info for 59 fonts, out of 8000000 for 9000
 961 hyphenation exceptions out of 8191
 43i,16n,40p,896b,494s stack positions out of 5000i,500n,10000p,200000b,80000s
{/usr/share/texmf/fonts/enc/dvips/lm/lm-rm.enc}{/usr/share/texmf/fonts/enc/dv
ips/lm/lm-mathsy.enc}{/usr/share/texmf/fonts/enc/dvips/lm/lm-mathex.enc}{/usr/s
hare/texmf/fonts/enc/dvips/lm/lm-mathit.enc}{/usr/share/texmf/fonts/enc/dvips/l
m/lm-ec.enc}</usr/share/texlive/texmf-dist/fonts/type1/public/calligra-type1/ca
llig15.pfb></usr/share/texmf/fonts/type1/public/lm/lmbx10.pfb></usr/share/texmf
/fonts/type1/public/lm/lmbx12.pfb></usr/share/texmf/fonts/type1/public/lm/lmcsc
10.pfb></usr/share/texmf/fonts/type1/public/lm/lmex10.pfb></usr/share/texmf/fon
ts/type1/public/lm/lmmi10.pfb></usr/share/texmf/fonts/type1/public/lm/lmmi12.pf
b></usr/share/texmf/fonts/type1/public/lm/lmmi7.pfb></usr/share/texmf/fonts/typ
e1/public/lm/lmmi8.pfb></usr/share/texmf/fonts/type1/public/lm/lmr10.pfb></usr/
share/texmf/fonts/type1/public/lm/lmr12.pfb></usr/share/texmf/fonts/type1/publi
c/lm/lmr17.pfb></usr/share/texmf/fonts/type1/public/lm/lmr7.pfb></usr/share/tex
mf/fonts/type1/public/lm/lmri12.pfb></usr/share/texmf/fonts/type1/public/lm/lms
y10.pfb></usr/share/texmf/fonts/type1/public/lm/lmsy7.pfb>
Output written on Tese_Dissertacao_UFG.pdf (40 pages, 448109 bytes).
PDF statistics:
 530 PDF objects out of 1000 (max. 8388607)
 464 compressed objects within 5 object streams
 101 named destinations out of 1000 (max. 500000)
 387 words of extra memory for PDF output out of 10000 (max. 10000000)

